\BOOKMARK [0][-]{chapter.1}{Introduction}{}% 1
\BOOKMARK [1][-]{section.1.1}{Cooperation in Peer-to-peer Networks}{chapter.1}% 2
\BOOKMARK [2][-]{subsection.1.1.1}{The Evolution of Cooperation}{section.1.1}% 3
\BOOKMARK [2][-]{subsection.1.1.2}{Reputation and Behaviour on the Internet}{section.1.1}% 4
\BOOKMARK [2][-]{subsection.1.1.3}{Distributed Computing Systems}{section.1.1}% 5
\BOOKMARK [2][-]{subsection.1.1.4}{Sybil Attacks}{section.1.1}% 6
\BOOKMARK [2][-]{subsection.1.1.5}{Misreport Attacks}{section.1.1}% 7
\BOOKMARK [2][-]{subsection.1.1.6}{Other Attacks}{section.1.1}% 8
\BOOKMARK [1][-]{section.1.2}{Problem Description}{chapter.1}% 9
\BOOKMARK [1][-]{section.1.3}{Related Work}{chapter.1}% 10
\BOOKMARK [1][-]{section.1.4}{Our Contributions}{chapter.1}% 11
\BOOKMARK [1][-]{section.1.5}{Thesis Summary}{chapter.1}% 12
\BOOKMARK [0][-]{chapter.2}{Mathematical Framework for Accounting Mechanisms}{}% 13
\BOOKMARK [1][-]{section.2.1}{Transaction Sets}{chapter.2}% 14
\BOOKMARK [1][-]{section.2.2}{Work Graphs}{chapter.2}% 15
\BOOKMARK [1][-]{section.2.3}{Accounting Mechanisms \046 Allocation Policies}{chapter.2}% 16
\BOOKMARK [1][-]{section.2.4}{Misbehaviour \046 Attacks}{chapter.2}% 17
\BOOKMARK [0][-]{chapter.3}{Sybil Attack Gain}{}% 18
\BOOKMARK [1][-]{section.3.1}{Cost \046 Profit in Terms of Work}{chapter.3}% 19
\BOOKMARK [2][-]{subsection.3.1.1}{Interaction Model}{section.3.1}% 20
\BOOKMARK [2][-]{subsection.3.1.2}{Experimental Evaluation}{section.3.1}% 21
\BOOKMARK [1][-]{section.3.2}{Cost \046 Profit in Terms of Accounting Values}{chapter.3}% 22
\BOOKMARK [0][-]{chapter.4}{Representativeness of Accounting Mechanisms}{}% 23
\BOOKMARK [1][-]{section.4.1}{Sybil-proofness of Accounting Mechanisms}{chapter.4}% 24
\BOOKMARK [1][-]{section.4.2}{Defining Representativeness}{chapter.4}% 25
\BOOKMARK [0][-]{chapter.5}{On the Impossibility of Sybil-Proofness}{}% 26
\BOOKMARK [1][-]{section.5.1}{Analysis of Existing Impossibility Results}{chapter.5}% 27
\BOOKMARK [1][-]{section.5.2}{Improving Existing Impossibility Results}{chapter.5}% 28
\BOOKMARK [2][-]{subsection.5.2.1}{Parallel-Report Responsiveness}{section.5.2}% 29
\BOOKMARK [2][-]{subsection.5.2.2}{Extending the Model to Multiple Hops}{section.5.2}% 30
\BOOKMARK [2][-]{subsection.5.2.3}{Serial-Report Responsiveness}{section.5.2}% 31
\BOOKMARK [0][-]{chapter.6}{Sybil-Proofness of Accounting Mechanisms}{}% 32
\BOOKMARK [1][-]{section.6.1}{Characterising Sybil Attacks}{chapter.6}% 33
\BOOKMARK [1][-]{section.6.2}{Requirements for Sybil-Proofness}{chapter.6}% 34
\BOOKMARK [0][-]{chapter.7}{Sybil Resistance Based on Physical Proximity}{}% 35
\BOOKMARK [1][-]{section.7.1}{A Mathematical Framework for Physical Proximity}{chapter.7}% 36
\BOOKMARK [1][-]{section.7.2}{A Two-layered Trust Model}{chapter.7}% 37
\BOOKMARK [0][-]{chapter.8}{Conclusion}{}% 38
\BOOKMARK [0][-]{appendix.A}{Appendix}{}% 39
\BOOKMARK [1][-]{section.A.1}{Reputation Dynamics in Indirect Reciprocity}{appendix.A}% 40
\BOOKMARK [2][-]{subsection.A.1.1}{Requirements for Reputation Mechanisms}{section.A.1}% 41
\BOOKMARK [2][-]{subsection.A.1.2}{Leading 8}{section.A.1}% 42
