This is pdfTeX, Version 3.14159265-2.6-1.40.20 (MiKTeX 2.9.6960 64-bit) (preloaded format=pdflatex 2019.3.13)  3 MAR 2020 10:43
entering extended mode
**"./Final Thesis.tex"
("Final Thesis.tex"
LaTeX2e <2018-12-01>
("C:\Users\alexa\AppData\Local\Programs\MiKTeX 2.9\tex/latex/base\report.cls"
Document Class: report 2018/09/03 v1.4i Standard LaTeX document class
("C:\Users\alexa\AppData\Local\Programs\MiKTeX 2.9\tex/latex/base\size11.clo"
File: size11.clo 2018/09/03 v1.4i Standard LaTeX file (size option)
)
\c@part=\count80
\c@chapter=\count81
\c@section=\count82
\c@subsection=\count83
\c@subsubsection=\count84
\c@paragraph=\count85
\c@subparagraph=\count86
\c@figure=\count87
\c@table=\count88
\abovecaptionskip=\skip41
\belowcaptionskip=\skip42
\bibindent=\dimen102
)
("C:\Users\alexa\AppData\Local\Programs\MiKTeX 2.9\tex/latex/draftwatermark\dra
ftwatermark.sty"
Package: draftwatermark 2015/02/19 1.2 Put a gray textual watermark on document
 pages

("C:\Users\alexa\AppData\Local\Programs\MiKTeX 2.9\tex/latex/everypage\everypag
e.sty"
Package: everypage 2007/06/20 1.1 Hooks to run on every page
)
("C:\Users\alexa\AppData\Local\Programs\MiKTeX 2.9\tex/latex/graphics\graphicx.
sty"
Package: graphicx 2017/06/01 v1.1a Enhanced LaTeX Graphics (DPC,SPQR)

("C:\Users\alexa\AppData\Local\Programs\MiKTeX 2.9\tex/latex/graphics\keyval.st
y"
Package: keyval 2014/10/28 v1.15 key=value parser (DPC)
\KV@toks@=\toks14
)
("C:\Users\alexa\AppData\Local\Programs\MiKTeX 2.9\tex/latex/graphics\graphics.
sty"
Package: graphics 2017/06/25 v1.2c Standard LaTeX Graphics (DPC,SPQR)

("C:\Users\alexa\AppData\Local\Programs\MiKTeX 2.9\tex/latex/graphics\trig.sty"
Package: trig 2016/01/03 v1.10 sin cos tan (DPC)
)
("C:\Users\alexa\AppData\Local\Programs\MiKTeX 2.9\tex/latex/graphics-cfg\graph
ics.cfg"
File: graphics.cfg 2016/06/04 v1.11 sample graphics configuration
)
Package graphics Info: Driver file: pdftex.def on input line 99.

("C:\Users\alexa\AppData\Local\Programs\MiKTeX 2.9\tex/latex/graphics-def\pdfte
x.def"
File: pdftex.def 2018/01/08 v1.0l Graphics/color driver for pdftex
))
\Gin@req@height=\dimen103
\Gin@req@width=\dimen104
)
("C:\Users\alexa\AppData\Local\Programs\MiKTeX 2.9\tex/latex/graphics\color.sty
"
Package: color 2016/07/10 v1.1e Standard LaTeX Color (DPC)

("C:\Users\alexa\AppData\Local\Programs\MiKTeX 2.9\tex/latex/graphics-cfg\color
.cfg"
File: color.cfg 2016/01/02 v1.6 sample color configuration
)
Package color Info: Driver file: pdftex.def on input line 147.
)
\sc@wm@hcenter=\skip43
\sc@wm@vcenter=\skip44
\sc@wm@fontsize=\skip45
)
("C:\Users\alexa\AppData\Local\Programs\MiKTeX 2.9\tex/latex/tools\verbatim.sty
"
Package: verbatim 2014/10/28 v1.5q LaTeX2e package for verbatim enhancements
\every@verbatim=\toks15
\verbatim@line=\toks16
\verbatim@in@stream=\read1
)
("C:\Users\alexa\AppData\Local\Programs\MiKTeX 2.9\tex/latex/hyperref\hyperref.
sty"
Package: hyperref 2018/11/30 v6.88e Hypertext links for LaTeX

("C:\Users\alexa\AppData\Local\Programs\MiKTeX 2.9\tex/generic/oberdiek\hobsub-
hyperref.sty"
Package: hobsub-hyperref 2016/05/16 v1.14 Bundle oberdiek, subset hyperref (HO)


("C:\Users\alexa\AppData\Local\Programs\MiKTeX 2.9\tex/generic/oberdiek\hobsub-
generic.sty"
Package: hobsub-generic 2016/05/16 v1.14 Bundle oberdiek, subset generic (HO)
Package: hobsub 2016/05/16 v1.14 Construct package bundles (HO)
Package: infwarerr 2016/05/16 v1.4 Providing info/warning/error messages (HO)
Package: ltxcmds 2016/05/16 v1.23 LaTeX kernel commands for general use (HO)
Package: ifluatex 2016/05/16 v1.4 Provides the ifluatex switch (HO)
Package ifluatex Info: LuaTeX not detected.
Package: ifvtex 2016/05/16 v1.6 Detect VTeX and its facilities (HO)
Package ifvtex Info: VTeX not detected.
Package: intcalc 2016/05/16 v1.2 Expandable calculations with integers (HO)
Package: ifpdf 2018/09/07 v3.3 Provides the ifpdf switch
Package: etexcmds 2016/05/16 v1.6 Avoid name clashes with e-TeX commands (HO)
Package: kvsetkeys 2016/05/16 v1.17 Key value parser (HO)
Package: kvdefinekeys 2016/05/16 v1.4 Define keys (HO)
Package: pdftexcmds 2018/09/10 v0.29 Utility functions of pdfTeX for LuaTeX (HO
)
Package pdftexcmds Info: LuaTeX not detected.
Package pdftexcmds Info: \pdf@primitive is available.
Package pdftexcmds Info: \pdf@ifprimitive is available.
Package pdftexcmds Info: \pdfdraftmode found.
Package: pdfescape 2016/05/16 v1.14 Implements pdfTeX's escape features (HO)
Package: bigintcalc 2016/05/16 v1.4 Expandable calculations on big integers (HO
)
Package: bitset 2016/05/16 v1.2 Handle bit-vector datatype (HO)
Package: uniquecounter 2016/05/16 v1.3 Provide unlimited unique counter (HO)
)
Package hobsub Info: Skipping package `hobsub' (already loaded).
Package: letltxmacro 2016/05/16 v1.5 Let assignment for LaTeX macros (HO)
Package: hopatch 2016/05/16 v1.3 Wrapper for package hooks (HO)
Package: xcolor-patch 2016/05/16 xcolor patch
Package: atveryend 2016/05/16 v1.9 Hooks at the very end of document (HO)
Package atveryend Info: \enddocument detected (standard20110627).
Package: atbegshi 2016/06/09 v1.18 At begin shipout hook (HO)
Package: refcount 2016/05/16 v3.5 Data extraction from label references (HO)
Package: hycolor 2016/05/16 v1.8 Color options for hyperref/bookmark (HO)
)
("C:\Users\alexa\AppData\Local\Programs\MiKTeX 2.9\tex/generic/ifxetex\ifxetex.
sty"
Package: ifxetex 2010/09/12 v0.6 Provides ifxetex conditional
)
("C:\Users\alexa\AppData\Local\Programs\MiKTeX 2.9\tex/latex/oberdiek\auxhook.s
ty"
Package: auxhook 2016/05/16 v1.4 Hooks for auxiliary files (HO)
)
("C:\Users\alexa\AppData\Local\Programs\MiKTeX 2.9\tex/latex/oberdiek\kvoptions
.sty"
Package: kvoptions 2016/05/16 v3.12 Key value format for package options (HO)
)
\@linkdim=\dimen105
\Hy@linkcounter=\count89
\Hy@pagecounter=\count90

("C:\Users\alexa\AppData\Local\Programs\MiKTeX 2.9\tex/latex/hyperref\pd1enc.de
f"
File: pd1enc.def 2018/11/30 v6.88e Hyperref: PDFDocEncoding definition (HO)
Now handling font encoding PD1 ...
... no UTF-8 mapping file for font encoding PD1
)
\Hy@SavedSpaceFactor=\count91

("C:\Users\alexa\AppData\Local\Programs\MiKTeX 2.9\tex/latex/00miktex\hyperref.
cfg"
File: hyperref.cfg 2002/06/06 v1.2 hyperref configuration of TeXLive
)
Package hyperref Info: Hyper figures OFF on input line 4519.
Package hyperref Info: Link nesting OFF on input line 4524.
Package hyperref Info: Hyper index ON on input line 4527.
Package hyperref Info: Plain pages OFF on input line 4534.
Package hyperref Info: Backreferencing OFF on input line 4539.
Package hyperref Info: Implicit mode ON; LaTeX internals redefined.
Package hyperref Info: Bookmarks ON on input line 4772.
\c@Hy@tempcnt=\count92
 ("C:\Users\alexa\AppData\Local\Programs\MiKTeX 2.9\tex/latex/url\url.sty"
\Urlmuskip=\muskip10
Package: url 2013/09/16  ver 3.4  Verb mode for urls, etc.
)
LaTeX Info: Redefining \url on input line 5125.
\XeTeXLinkMargin=\dimen106
\Fld@menulength=\count93
\Field@Width=\dimen107
\Fld@charsize=\dimen108
Package hyperref Info: Hyper figures OFF on input line 6380.
Package hyperref Info: Link nesting OFF on input line 6385.
Package hyperref Info: Hyper index ON on input line 6388.
Package hyperref Info: backreferencing OFF on input line 6395.
Package hyperref Info: Link coloring OFF on input line 6400.
Package hyperref Info: Link coloring with OCG OFF on input line 6405.
Package hyperref Info: PDF/A mode OFF on input line 6410.
LaTeX Info: Redefining \ref on input line 6450.
LaTeX Info: Redefining \pageref on input line 6454.
\Hy@abspage=\count94
\c@Item=\count95
\c@Hfootnote=\count96
)
Package hyperref Info: Driver (autodetected): hpdftex.

("C:\Users\alexa\AppData\Local\Programs\MiKTeX 2.9\tex/latex/hyperref\hpdftex.d
ef"
File: hpdftex.def 2018/11/30 v6.88e Hyperref driver for pdfTeX
\Fld@listcount=\count97
\c@bookmark@seq@number=\count98

("C:\Users\alexa\AppData\Local\Programs\MiKTeX 2.9\tex/latex/oberdiek\rerunfile
check.sty"
Package: rerunfilecheck 2016/05/16 v1.8 Rerun checks for auxiliary files (HO)
Package uniquecounter Info: New unique counter `rerunfilecheck' on input line 2
82.
)
\Hy@SectionHShift=\skip46
)
("C:\Users\alexa\AppData\Local\Programs\MiKTeX 2.9\tex/generic/babel\babel.sty"
Package: babel 2018/11/13 3.27 The Babel package
("C:\Users\alexa\AppData\Local\Programs\MiKTeX 2.9\tex/generic/babel\switch.def
"
File: switch.def 2018/11/13 3.27 Babel switching mechanism
)
*************************************
* Local config file bblopts.cfg used
*
("C:\Users\alexa\AppData\Local\Programs\MiKTeX 2.9\tex/latex/arabi\bblopts.cfg"
File: bblopts.cfg 2005/09/08 v0.1 add Arabic and Farsi to "declared" options of
 babel
)
("C:\Users\alexa\AppData\Local\Programs\MiKTeX 2.9\tex/latex/babel-english\engl
ish.ldf"
Language: english 2017/06/06 v3.3r English support from the babel system

("C:\Users\alexa\AppData\Local\Programs\MiKTeX 2.9\tex/generic/babel\babel.def"
File: babel.def 2018/11/13 3.27 Babel common definitions
\babel@savecnt=\count99
\U@D=\dimen109

("C:\Users\alexa\AppData\Local\Programs\MiKTeX 2.9\tex/generic/babel\txtbabel.d
ef")
\bbl@dirlevel=\count100
)
\l@canadian = a dialect from \language\l@american 
\l@australian = a dialect from \language\l@british 
\l@newzealand = a dialect from \language\l@british 
))
("C:\Users\alexa\AppData\Local\Programs\MiKTeX 2.9\tex/latex/amscls\amsthm.sty"
Package: amsthm 2017/10/31 v2.20.4
\thm@style=\toks17
\thm@bodyfont=\toks18
\thm@headfont=\toks19
\thm@notefont=\toks20
\thm@headpunct=\toks21
\thm@preskip=\skip47
\thm@postskip=\skip48
\thm@headsep=\skip49
\dth@everypar=\toks22
) ("C:\Users\alexa\AppData\Local\Programs\MiKTeX 2.9\tex/latex/base\inputenc.st
y"
Package: inputenc 2018/08/11 v1.3c Input encoding file
\inpenc@prehook=\toks23
\inpenc@posthook=\toks24
)
("C:\Users\alexa\AppData\Local\Programs\MiKTeX 2.9\tex/latex/base\latexsym.sty"
Package: latexsym 1998/08/17 v2.2e Standard LaTeX package (lasy symbols)
\symlasy=\mathgroup4
LaTeX Font Info:    Overwriting symbol font `lasy' in version `bold'
(Font)                  U/lasy/m/n --> U/lasy/b/n on input line 52.
)
("C:\Users\alexa\AppData\Local\Programs\MiKTeX 2.9\tex/latex/amsfonts\amsfonts.
sty"
Package: amsfonts 2013/01/14 v3.01 Basic AMSFonts support
\@emptytoks=\toks25
\symAMSa=\mathgroup5
\symAMSb=\mathgroup6
LaTeX Font Info:    Overwriting math alphabet `\mathfrak' in version `bold'
(Font)                  U/euf/m/n --> U/euf/b/n on input line 106.
)
("C:\Users\alexa\AppData\Local\Programs\MiKTeX 2.9\tex/latex/amsfonts\amssymb.s
ty"
Package: amssymb 2013/01/14 v3.01 AMS font symbols
)
("C:\Users\alexa\AppData\Local\Programs\MiKTeX 2.9\tex/latex/amsmath\amsmath.st
y"
Package: amsmath 2018/12/01 v2.17b AMS math features
\@mathmargin=\skip50

For additional information on amsmath, use the `?' option.

("C:\Users\alexa\AppData\Local\Programs\MiKTeX 2.9\tex/latex/amsmath\amstext.st
y"
Package: amstext 2000/06/29 v2.01 AMS text

("C:\Users\alexa\AppData\Local\Programs\MiKTeX 2.9\tex/latex/amsmath\amsgen.sty
"
File: amsgen.sty 1999/11/30 v2.0 generic functions
\@emptytoks=\toks26
\ex@=\dimen110
))
("C:\Users\alexa\AppData\Local\Programs\MiKTeX 2.9\tex/latex/amsmath\amsbsy.sty
"
Package: amsbsy 1999/11/29 v1.2d Bold Symbols
\pmbraise@=\dimen111
)
("C:\Users\alexa\AppData\Local\Programs\MiKTeX 2.9\tex/latex/amsmath\amsopn.sty
"
Package: amsopn 2016/03/08 v2.02 operator names
)
\inf@bad=\count101
LaTeX Info: Redefining \frac on input line 223.
\uproot@=\count102
\leftroot@=\count103
LaTeX Info: Redefining \overline on input line 385.
\classnum@=\count104
\DOTSCASE@=\count105
LaTeX Info: Redefining \ldots on input line 482.
LaTeX Info: Redefining \dots on input line 485.
LaTeX Info: Redefining \cdots on input line 606.
\Mathstrutbox@=\box27
\strutbox@=\box28
\big@size=\dimen112
LaTeX Font Info:    Redeclaring font encoding OML on input line 729.
LaTeX Font Info:    Redeclaring font encoding OMS on input line 730.
\macc@depth=\count106
\c@MaxMatrixCols=\count107
\dotsspace@=\muskip11
\c@parentequation=\count108
\dspbrk@lvl=\count109
\tag@help=\toks27
\row@=\count110
\column@=\count111
\maxfields@=\count112
\andhelp@=\toks28
\eqnshift@=\dimen113
\alignsep@=\dimen114
\tagshift@=\dimen115
\tagwidth@=\dimen116
\totwidth@=\dimen117
\lineht@=\dimen118
\@envbody=\toks29
\multlinegap=\skip51
\multlinetaggap=\skip52
\mathdisplay@stack=\toks30
LaTeX Info: Redefining \[ on input line 2844.
LaTeX Info: Redefining \] on input line 2845.
) ("C:\Users\alexa\AppData\Local\Programs\MiKTeX 2.9\tex/latex/float\float.sty"
Package: float 2001/11/08 v1.3d Float enhancements (AL)
\c@float@type=\count113
\float@exts=\toks31
\float@box=\box29
\@float@everytoks=\toks32
\@floatcapt=\box30
)
("C:\Users\alexa\AppData\Local\Programs\MiKTeX 2.9\tex/latex/geometry\geometry.
sty"
Package: geometry 2018/04/16 v5.8 Page Geometry
\Gm@cnth=\count114
\Gm@cntv=\count115
\c@Gm@tempcnt=\count116
\Gm@bindingoffset=\dimen119
\Gm@wd@mp=\dimen120
\Gm@odd@mp=\dimen121
\Gm@even@mp=\dimen122
\Gm@layoutwidth=\dimen123
\Gm@layoutheight=\dimen124
\Gm@layouthoffset=\dimen125
\Gm@layoutvoffset=\dimen126
\Gm@dimlist=\toks33

("C:\Users\alexa\AppData\Local\Programs\MiKTeX 2.9\tex/latex/geometry\geometry.
cfg"))
\c@definition=\count117


Package amsthm Warning: Unknown theoremstyle `theorem' on input line 29.

\c@theorem=\count118

Package amsthm Warning: Unknown theoremstyle `proposition' on input line 31.

\c@proposition=\count119

Package amsthm Warning: Unknown theoremstyle `corollary' on input line 33.

\c@corollary=\count120

Package amsthm Warning: Unknown theoremstyle `lemma' on input line 35.

\c@lemma=\count121

Package amsthm Warning: Unknown theoremstyle `example' on input line 37.

\c@example=\count122
\c@remark=\count123
("Final Thesis.aux")
\openout1 = `"Final Thesis.aux"'.

LaTeX Font Info:    Checking defaults for OML/cmm/m/it on input line 46.
LaTeX Font Info:    ... okay on input line 46.
LaTeX Font Info:    Checking defaults for T1/cmr/m/n on input line 46.
LaTeX Font Info:    ... okay on input line 46.
LaTeX Font Info:    Checking defaults for OT1/cmr/m/n on input line 46.
LaTeX Font Info:    ... okay on input line 46.
LaTeX Font Info:    Checking defaults for OMS/cmsy/m/n on input line 46.
LaTeX Font Info:    ... okay on input line 46.
LaTeX Font Info:    Checking defaults for OMX/cmex/m/n on input line 46.
LaTeX Font Info:    ... okay on input line 46.
LaTeX Font Info:    Checking defaults for U/cmr/m/n on input line 46.
LaTeX Font Info:    ... okay on input line 46.
LaTeX Font Info:    Checking defaults for PD1/pdf/m/n on input line 46.
LaTeX Font Info:    ... okay on input line 46.

("C:\Users\alexa\AppData\Local\Programs\MiKTeX 2.9\tex/context/base/mkii\supp-p
df.mkii"
[Loading MPS to PDF converter (version 2006.09.02).]
\scratchcounter=\count124
\scratchdimen=\dimen127
\scratchbox=\box31
\nofMPsegments=\count125
\nofMParguments=\count126
\everyMPshowfont=\toks34
\MPscratchCnt=\count127
\MPscratchDim=\dimen128
\MPnumerator=\count128
\makeMPintoPDFobject=\count129
\everyMPtoPDFconversion=\toks35
)
("C:\Users\alexa\AppData\Local\Programs\MiKTeX 2.9\tex/latex/oberdiek\epstopdf-
base.sty"
Package: epstopdf-base 2016/05/15 v2.6 Base part for package epstopdf

("C:\Users\alexa\AppData\Local\Programs\MiKTeX 2.9\tex/latex/oberdiek\grfext.st
y"
Package: grfext 2016/05/16 v1.2 Manage graphics extensions (HO)
)
Package epstopdf-base Info: Redefining graphics rule for `.eps' on input line 4
38.
Package grfext Info: Graphics extension search list:
(grfext)             [.pdf,.png,.jpg,.mps,.jpeg,.jbig2,.jb2,.PDF,.PNG,.JPG,.JPE
G,.JBIG2,.JB2,.eps]
(grfext)             \AppendGraphicsExtensions on input line 456.
)
\AtBeginShipoutBox=\box32
Package hyperref Info: Link coloring OFF on input line 46.

("C:\Users\alexa\AppData\Local\Programs\MiKTeX 2.9\tex/latex/hyperref\nameref.s
ty"
Package: nameref 2016/05/21 v2.44 Cross-referencing by name of section

("C:\Users\alexa\AppData\Local\Programs\MiKTeX 2.9\tex/generic/oberdiek\gettitl
estring.sty"
Package: gettitlestring 2016/05/16 v1.5 Cleanup title references (HO)
)
\c@section@level=\count130
)
LaTeX Info: Redefining \ref on input line 46.
LaTeX Info: Redefining \pageref on input line 46.
LaTeX Info: Redefining \nameref on input line 46.
 ("Final Thesis.out") ("Final Thesis.out")
\@outlinefile=\write3
\openout3 = `"Final Thesis.out"'.


*geometry* driver: auto-detecting
*geometry* detected driver: pdftex
*geometry* verbose mode - [ preamble ] result:
* driver: pdftex
* paper: a4paper
* layout: <same size as paper>
* layoutoffset:(h,v)=(0.0pt,0.0pt)
* modes: 
* h-part:(L,W,R)=(14.22636pt, 569.05515pt, 14.22636pt)
* v-part:(T,H,B)=(14.22636pt, 816.59412pt, 14.22636pt)
* \paperwidth=597.50787pt
* \paperheight=845.04684pt
* \textwidth=455.24408pt
* \textheight=711.3189pt
* \oddsidemargin=5.69046pt
* \evensidemargin=-58.04362pt
* \topmargin=-28.45274pt
* \headheight=12.0pt
* \headsep=25.0pt
* \topskip=11.0pt
* \footskip=30.0pt
* \marginparwidth=50.0pt
* \marginparsep=10.0pt
* \columnsep=10.0pt
* \skip\footins=10.0pt plus 4.0pt minus 2.0pt
* \hoffset=0.0pt
* \voffset=0.0pt
* \mag=1000
* \@twocolumnfalse
* \@twosidefalse
* \@mparswitchfalse
* \@reversemarginfalse
* (1in=72.27pt=25.4mm, 1cm=28.453pt)


LaTeX Font Warning: Font shape `OT1/cmr/bx/sc' undefined
(Font)              using `OT1/cmr/bx/n' instead on input line 49.

LaTeX Font Info:    Try loading font information for U+lasy on input line 57.
("C:\Users\alexa\AppData\Local\Programs\MiKTeX 2.9\tex/latex/base\ulasy.fd"
File: ulasy.fd 1998/08/17 v2.2e LaTeX symbol font definitions
)
LaTeX Font Info:    Try loading font information for U+msa on input line 57.

("C:\Users\alexa\AppData\Local\Programs\MiKTeX 2.9\tex/latex/amsfonts\umsa.fd"
File: umsa.fd 2013/01/14 v3.01 AMS symbols A
)
LaTeX Font Info:    Try loading font information for U+msb on input line 57.
("C:\Users\alexa\AppData\Local\Programs\MiKTeX 2.9\tex/latex/amsfonts\umsb.fd"
File: umsb.fd 2013/01/14 v3.01 AMS symbols B
)
<"TU Delft Logo".png, id=152, 374.39874pt x 230.8625pt>
File: "TU Delft Logo".png Graphic file (type png)
<use "TU Delft Logo".png>
Package pdftex.def Info: "TU Delft Logo".png  used on input line 68.
(pdftex.def)             Requested size: 112.32048pt x 69.25928pt.

LaTeX Font Warning: Font shape `OT1/cmr/m/n' in size <142.26378> not available
(Font)              size <24.88> substituted on input line 71.

[1{C:/Users/alexa/AppData/Local/MiKTeX/2.9/pdftex/config/pdftex.map}

 <./TU Delft Logo.png>]pdfTeX warning (ext4): destination with the same identif
ier (name{page.}) has been already used, duplicate ignored
<to be read again> 
                   \relax 
l.77 \tableofcontents
                      [2

] ("Final Thesis.toc")
\tf@toc=\write4
\openout4 = `"Final Thesis.toc"'.

pdfTeX warning (ext4): destination with the same identifier (name{page.}) has b
een already used, duplicate ignored
<to be read again> 
                   \relax 
l.78 \newpage
              [3

]
Underfull \hbox (badness 10000) in paragraph at lines 84--85

 []


Underfull \hbox (badness 10000) in paragraph at lines 86--87

 []

LaTeX Font Info:    Try loading font information for OMS+cmr on input line 92.
("C:\Users\alexa\AppData\Local\Programs\MiKTeX 2.9\tex/latex/base\omscmr.fd"
File: omscmr.fd 2014/09/29 v2.5h Standard LaTeX font definitions
)
LaTeX Font Info:    Font shape `OMS/cmr/m/n' in size <10.95> not available
(Font)              Font shape `OMS/cmsy/m/n' tried instead on input line 92.

[1]
Underfull \hbox (badness 10000) in paragraph at lines 97--98

 []


Underfull \hbox (badness 10000) in paragraph at lines 100--101

 []


Underfull \hbox (badness 10000) in paragraph at lines 102--103

 []


Underfull \hbox (badness 10000) in paragraph at lines 106--107

 []


Underfull \hbox (badness 10000) in paragraph at lines 108--109

 []

[2]
Underfull \hbox (badness 10000) in paragraph at lines 113--114

 []


LaTeX Warning: Citation `The Early Days of Mass Internet Piracy Were Awesome Ye
t Awful' on page 3 undefined on input line 115.


Underfull \hbox (badness 10000) in paragraph at lines 115--116

 []


Underfull \hbox (badness 10000) in paragraph at lines 117--118

 []

[3]
Underfull \hbox (badness 10000) in paragraph at lines 143--144

 []


Underfull \hbox (badness 10000) in paragraph at lines 146--147

 []


Underfull \hbox (badness 10000) in paragraph at lines 150--151

 []


Underfull \hbox (badness 10000) in paragraph at lines 154--155

 []

[4]
<"BitTorrent File Distribution 1".png, id=232, 358.33875pt x 335.2525pt>
File: "BitTorrent File Distribution 1".png Graphic file (type png)
<use "BitTorrent File Distribution 1".png>
Package pdftex.def Info: "BitTorrent File Distribution 1".png  used on input li
ne 157.
(pdftex.def)             Requested size: 89.58446pt x 83.81291pt.
<"BitTorrent File Distribution 2".png, id=233, 358.33875pt x 335.2525pt>
File: "BitTorrent File Distribution 2".png Graphic file (type png)
<use "BitTorrent File Distribution 2".png>
Package pdftex.def Info: "BitTorrent File Distribution 2".png  used on input li
ne 158.
(pdftex.def)             Requested size: 89.58446pt x 83.81291pt.
<"BitTorrent File Distribution 3".png, id=234, 358.33875pt x 335.2525pt>
File: "BitTorrent File Distribution 3".png Graphic file (type png)
<use "BitTorrent File Distribution 3".png>
Package pdftex.def Info: "BitTorrent File Distribution 3".png  used on input li
ne 159.
(pdftex.def)             Requested size: 89.58446pt x 83.81291pt.
<"BitTorrent File Distribution 4".png, id=235, 358.33875pt x 335.2525pt>
File: "BitTorrent File Distribution 4".png Graphic file (type png)
<use "BitTorrent File Distribution 4".png>
Package pdftex.def Info: "BitTorrent File Distribution 4".png  used on input li
ne 160.
(pdftex.def)             Requested size: 89.58446pt x 83.81291pt.
<"BitTorrent File Distribution 5".png, id=236, 358.33875pt x 335.2525pt>
File: "BitTorrent File Distribution 5".png Graphic file (type png)
<use "BitTorrent File Distribution 5".png>
Package pdftex.def Info: "BitTorrent File Distribution 5".png  used on input li
ne 161.
(pdftex.def)             Requested size: 89.58446pt x 83.81291pt.
<"BitTorrent File Distribution 6".png, id=237, 358.33875pt x 335.2525pt>
File: "BitTorrent File Distribution 6".png Graphic file (type png)
<use "BitTorrent File Distribution 6".png>
Package pdftex.def Info: "BitTorrent File Distribution 6".png  used on input li
ne 162.
(pdftex.def)             Requested size: 89.58446pt x 83.81291pt.
<"BitTorrent File Distribution 7".png, id=238, 358.33875pt x 335.2525pt>
File: "BitTorrent File Distribution 7".png Graphic file (type png)
<use "BitTorrent File Distribution 7".png>
Package pdftex.def Info: "BitTorrent File Distribution 7".png  used on input li
ne 163.
(pdftex.def)             Requested size: 89.58446pt x 83.81291pt.
<"BitTorrent File Distribution 8".png, id=239, 358.33875pt x 335.2525pt>
File: "BitTorrent File Distribution 8".png Graphic file (type png)
<use "BitTorrent File Distribution 8".png>
Package pdftex.def Info: "BitTorrent File Distribution 8".png  used on input li
ne 164.
(pdftex.def)             Requested size: 89.58446pt x 83.81291pt.
<"BitTorrent File Distribution 9".png, id=240, 358.33875pt x 335.2525pt>
File: "BitTorrent File Distribution 9".png Graphic file (type png)
<use "BitTorrent File Distribution 9".png>
Package pdftex.def Info: "BitTorrent File Distribution 9".png  used on input li
ne 165.
(pdftex.def)             Requested size: 89.58446pt x 83.81291pt.
<"BitTorrent File Distribution 10".png, id=241, 358.33875pt x 335.2525pt>
File: "BitTorrent File Distribution 10".png Graphic file (type png)
<use "BitTorrent File Distribution 10".png>
Package pdftex.def Info: "BitTorrent File Distribution 10".png  used on input l
ine 166.
(pdftex.def)             Requested size: 89.58446pt x 83.81291pt.

Underfull \hbox (badness 10000) in paragraph at lines 171--172

 []

[5pdfTeX warning (ext4): destination with the same identifier (name{figure.0.1}
) has been already used, duplicate ignored

\AtBegShi@Output ...ipout \box \AtBeginShipoutBox 
                                                  \fi \fi 
l.172 
       <./BitTorrent File Distribution 1.png> <./BitTorrent File Distribution 2
.png> <./BitTorrent File Distribution 3.png> <./BitTorrent File Distribution 4.
png> <./BitTorrent File Distribution 5.png> <./BitTorrent File Distribution 6.p
ng> <./BitTorrent File Distribution 7.png> <./BitTorrent File Distribution 8.pn
g> <./BitTorrent File Distribution 9.png> <./BitTorrent File Distribution 10.pn
g>]

LaTeX Warning: Citation `An optimal strategy to solve the prisoner's dilemma' o
n page 6 undefined on input line 173.


Underfull \hbox (badness 10000) in paragraph at lines 173--174

 []


Underfull \hbox (badness 10000) in paragraph at lines 175--176

 []


LaTeX Warning: Citation `Bitcoin: A peer-to-peer electronic cash system' on pag
e 6 undefined on input line 185.


Underfull \hbox (badness 10000) in paragraph at lines 185--186

 []

<"Blockchain".jpg, id=260, 491.58656pt x 201.00093pt>
File: "Blockchain".jpg Graphic file (type jpg)
<use "Blockchain".jpg>
Package pdftex.def Info: "Blockchain".jpg  used on input line 191.
(pdftex.def)             Requested size: 294.95421pt x 120.60147pt.
[6]
Underfull \hbox (badness 10000) in paragraph at lines 197--198

 []


Underfull \hbox (badness 10000) in paragraph at lines 199--200

 []

<Trustchain.png, id=269, 331.2375pt x 153.57375pt>
File: Trustchain.png Graphic file (type png)
<use Trustchain.png>
Package pdftex.def Info: Trustchain.png  used on input line 203.
(pdftex.def)             Requested size: 198.74402pt x 92.14494pt.

Underfull \hbox (badness 10000) in paragraph at lines 209--210

 []

[7pdfTeX warning (ext4): destination with the same identifier (name{figure.0.2}
) has been already used, duplicate ignored

\AtBegShi@Output ...ipout \box \AtBeginShipoutBox 
                                                  \fi \fi 
l.210 
      pdfTeX warning (ext4): destination with the same identifier (name{figure.
0.3}) has been already used, duplicate ignored

\AtBegShi@Output ...ipout \box \AtBeginShipoutBox 
                                                  \fi \fi 
l.210 
       <./Blockchain.jpg> <./Trustchain.png>]
Underfull \hbox (badness 10000) in paragraph at lines 235--236

 []


Underfull \hbox (badness 10000) in paragraph at lines 237--238

 []

[8]

LaTeX Warning: Citation `DropEdge' on page 9 undefined on input line 239.


Underfull \hbox (badness 10000) in paragraph at lines 239--240

 []


LaTeX Warning: Citation `Jetse's work' on page 9 undefined on input line 241.


Underfull \hbox (badness 10000) in paragraph at lines 241--242

 []


LaTeX Warning: Citation `Jetse's work' on page 9 undefined on input line 243.


Underfull \hbox (badness 10000) in paragraph at lines 243--244

 []


Underfull \hbox (badness 10000) in paragraph at lines 245--246

 []


Underfull \hbox (badness 10000) in paragraph at lines 249--250

 []

[9]

LaTeX Warning: Citation `How Should We Define Goodness' on page 10 undefined on
 input line 253.


Underfull \hbox (badness 10000) in paragraph at lines 253--254

 []


Underfull \hbox (badness 10000) in paragraph at lines 258--259

 []


Underfull \hbox (badness 10000) in paragraph at lines 260--261

 []


Underfull \hbox (badness 10000) in paragraph at lines 262--263

 []

[10]
Underfull \hbox (badness 10000) in paragraph at lines 266--267

 []


Underfull \hbox (badness 10000) in paragraph at lines 269--271

 []


Underfull \hbox (badness 10000) in paragraph at lines 273--275

 []


Underfull \hbox (badness 10000) in paragraph at lines 281--284

 []


Underfull \hbox (badness 10000) in paragraph at lines 294--296

 []

[11]
Underfull \hbox (badness 10000) in paragraph at lines 297--298

 []


Underfull \hbox (badness 10000) in paragraph at lines 301--302

 []


Underfull \hbox (badness 10000) in paragraph at lines 314--315

 []

[12]
Underfull \hbox (badness 10000) in paragraph at lines 333--334

 []


Underfull \hbox (badness 10000) in paragraph at lines 343--345

 []

[13]
Underfull \hbox (badness 10000) in paragraph at lines 361--362

 []


Underfull \hbox (badness 10000) in paragraph at lines 377--378

 []

[14]
Underfull \hbox (badness 10000) in paragraph at lines 398--399

 []


Underfull \hbox (badness 10000) in paragraph at lines 400--401

 []


Underfull \hbox (badness 10000) in paragraph at lines 406--407

 []


Underfull \hbox (badness 10000) in paragraph at lines 420--421

 []

[15]
Underfull \hbox (badness 10000) in paragraph at lines 442--443

 []

[16]
Underfull \hbox (badness 10000) in paragraph at lines 460--462

 []


Underfull \hbox (badness 10000) in paragraph at lines 463--464

 []


Underfull \hbox (badness 10000) in paragraph at lines 466--467

 []

<"Sybil Region".jpg, id=352, 478.78876pt x 287.57437pt>
File: "Sybil Region".jpg Graphic file (type jpg)
<use "Sybil Region".jpg>
Package pdftex.def Info: "Sybil Region".jpg  used on input line 471.
(pdftex.def)             Requested size: 239.39378pt x 143.78683pt.

Underfull \hbox (badness 10000) in paragraph at lines 477--478

 []

[17pdfTeX warning (ext4): destination with the same identifier (name{figure.0.4
}) has been already used, duplicate ignored

\AtBegShi@Output ...ipout \box \AtBeginShipoutBox 
                                                  \fi \fi 
l.478 
       <./Sybil Region.jpg>]
Overfull \hbox (16.28691pt too wide) in paragraph at lines 487--488
[]\OT1/cmr/m/n/10.95 Other agents' scores are low-ered such that $\OML/cmm/m/it
/10.95 j \OMS/cmsy/m/n/10.95 2 []\OML/cmm/m/it/10.95 A[]\OT1/cmr/m/n/10.95 (\OM
L/cmm/m/it/10.95 S[]\OT1/cmr/m/n/10.95 (\OML/cmm/m/it/10.95 G[]; C[]\OT1/cmr/m/
n/10.95 ))$ when be-fore $\OML/cmm/m/it/10.95 j \OMS/cmsy/m/n/10.95 62 []\OML/c
mm/m/it/10.95 A[]\OT1/cmr/m/n/10.95 (\OML/cmm/m/it/10.95 S[]\OT1/cmr/m/n/10.95 
(\OML/cmm/m/it/10.95 G[]; C[]\OT1/cmr/m/n/10.95 ))$ 
 []


Underfull \hbox (badness 10000) in paragraph at lines 492--493

 []


Underfull \hbox (badness 10000) in paragraph at lines 494--495

 []


Underfull \hbox (badness 10000) in paragraph at lines 503--504

 []

[18]
Underfull \hbox (badness 10000) in paragraph at lines 511--512

 []


Underfull \hbox (badness 10000) in paragraph at lines 513--514

 []


Underfull \hbox (badness 10000) in paragraph at lines 515--516

 []


Underfull \hbox (badness 10000) in paragraph at lines 517--518

 []


Underfull \hbox (badness 10000) in paragraph at lines 521--522

 []


Underfull \hbox (badness 10000) in paragraph at lines 523--524

 []

[19]
Underfull \hbox (badness 10000) in paragraph at lines 531--532

 []


Underfull \hbox (badness 10000) in paragraph at lines 533--534

 []


Overfull \hbox (13.6802pt too wide) detected at line 539
\U/msb/m/n/10.95 P [] \OMS/cmsy/m/n/10.95  \U/msb/m/n/10.95 P [] \OML/cmm/m/it
/10.95 :[] 
 []


Underfull \hbox (badness 10000) in paragraph at lines 541--542

 []


Underfull \hbox (badness 10000) in paragraph at lines 543--544

 []

[20]
Underfull \hbox (badness 10000) in paragraph at lines 566--567

 []


Underfull \hbox (badness 10000) in paragraph at lines 568--569

 []


Underfull \hbox (badness 10000) in paragraph at lines 575--577

 []

[21]
Underfull \hbox (badness 10000) in paragraph at lines 578--579

 []

<"Queries Count".png, id=384, 722.7pt x 361.35pt>
File: "Queries Count".png Graphic file (type png)
<use "Queries Count".png>
Package pdftex.def Info: "Queries Count".png  used on input line 582.
(pdftex.def)             Requested size: 433.62334pt x 216.81168pt.

Underfull \hbox (badness 10000) in paragraph at lines 586--587

 []

<Acc_0s_Dist.png, id=385, 925.056pt x 450.2421pt>
File: Acc_0s_Dist.png Graphic file (type png)
<use Acc_0s_Dist.png>
Package pdftex.def Info: Acc_0s_Dist.png  used on input line 592.
(pdftex.def)             Requested size: 370.01584pt x 180.09364pt.
<Acc_0s_Top_4_Dist.png, id=386, 925.056pt x 450.2421pt>
File: Acc_0s_Top_4_Dist.png Graphic file (type png)
<use Acc_0s_Top_4_Dist.png>
Package pdftex.def Info: Acc_0s_Top_4_Dist.png  used on input line 593.
(pdftex.def)             Requested size: 370.01584pt x 180.09364pt.
<Acc_0s_Top_4_No_Dist.png, id=387, 925.056pt x 450.2421pt>
File: Acc_0s_Top_4_No_Dist.png Graphic file (type png)
<use Acc_0s_Top_4_No_Dist.png>
Package pdftex.def Info: Acc_0s_Top_4_No_Dist.png  used on input line 594.
(pdftex.def)             Requested size: 370.01584pt x 180.09364pt.
<Acc_0s_Winner.png, id=388, 925.056pt x 450.2421pt>
File: Acc_0s_Winner.png Graphic file (type png)
<use Acc_0s_Winner.png>
Package pdftex.def Info: Acc_0s_Winner.png  used on input line 595.
(pdftex.def)             Requested size: 370.01584pt x 180.09364pt.
[22 <./Queries Count.png>]
Overfull \vbox (24.05568pt too high) has occurred while \output is active []


[23 <./Acc_0s_Dist.png> <./Acc_0s_Top_4_Dist.png> <./Acc_0s_Top_4_No_Dist.png> 
<./Acc_0s_Winner.png>]
<Acc_Deg_Dist.png, id=403, 925.056pt x 450.2421pt>
File: Acc_Deg_Dist.png Graphic file (type png)
<use Acc_Deg_Dist.png>
Package pdftex.def Info: Acc_Deg_Dist.png  used on input line 601.
(pdftex.def)             Requested size: 370.01584pt x 180.09364pt.
<Acc_Deg_Top_4_Dist.png, id=404, 925.056pt x 450.2421pt>
File: Acc_Deg_Top_4_Dist.png Graphic file (type png)
<use Acc_Deg_Top_4_Dist.png>
Package pdftex.def Info: Acc_Deg_Top_4_Dist.png  used on input line 602.
(pdftex.def)             Requested size: 370.01584pt x 180.09364pt.
<Acc_Deg_Top_4_No_Dist.png, id=405, 925.056pt x 450.2421pt>
File: Acc_Deg_Top_4_No_Dist.png Graphic file (type png)
<use Acc_Deg_Top_4_No_Dist.png>
Package pdftex.def Info: Acc_Deg_Top_4_No_Dist.png  used on input line 603.
(pdftex.def)             Requested size: 370.01584pt x 180.09364pt.
<Acc_Deg_Winner.png, id=406, 925.056pt x 450.2421pt>
File: Acc_Deg_Winner.png Graphic file (type png)
<use Acc_Deg_Winner.png>
Package pdftex.def Info: Acc_Deg_Winner.png  used on input line 604.
(pdftex.def)             Requested size: 370.01584pt x 180.09364pt.

Overfull \vbox (24.05568pt too high) has occurred while \output is active []


[24 <./Acc_Deg_Dist.png> <./Acc_Deg_Top_4_Dist.png> <./Acc_Deg_Top_4_No_Dist.pn
g> <./Acc_Deg_Winner.png>]
<Acc_PGR_Dist.png, id=415, 925.056pt x 450.2421pt>
File: Acc_PGR_Dist.png Graphic file (type png)
<use Acc_PGR_Dist.png>
Package pdftex.def Info: Acc_PGR_Dist.png  used on input line 610.
(pdftex.def)             Requested size: 370.01584pt x 180.09364pt.
<Acc_PGR_Top_4_Dist.png, id=416, 925.056pt x 450.2421pt>
File: Acc_PGR_Top_4_Dist.png Graphic file (type png)
<use Acc_PGR_Top_4_Dist.png>
Package pdftex.def Info: Acc_PGR_Top_4_Dist.png  used on input line 611.
(pdftex.def)             Requested size: 370.01584pt x 180.09364pt.
<Acc_PGR_Top_4_No_Dist.png, id=417, 925.056pt x 450.2421pt>
File: Acc_PGR_Top_4_No_Dist.png Graphic file (type png)
<use Acc_PGR_Top_4_No_Dist.png>
Package pdftex.def Info: Acc_PGR_Top_4_No_Dist.png  used on input line 612.
(pdftex.def)             Requested size: 370.01584pt x 180.09364pt.
<Acc_PGR_Winner.png, id=418, 925.056pt x 450.2421pt>
File: Acc_PGR_Winner.png Graphic file (type png)
<use Acc_PGR_Winner.png>
Package pdftex.def Info: Acc_PGR_Winner.png  used on input line 613.
(pdftex.def)             Requested size: 370.01584pt x 180.09364pt.

Overfull \vbox (24.05568pt too high) has occurred while \output is active []


[25 <./Acc_PGR_Dist.png> <./Acc_PGR_Top_4_Dist.png> <./Acc_PGR_Top_4_No_Dist.pn
g> <./Acc_PGR_Winner.png>]
Underfull \hbox (badness 10000) in paragraph at lines 617--618

 []


Underfull \hbox (badness 10000) in paragraph at lines 619--620

 []


Underfull \hbox (badness 10000) in paragraph at lines 621--622

 []


Underfull \hbox (badness 10000) in paragraph at lines 623--624

 []


Underfull \hbox (badness 10000) in paragraph at lines 625--626

 []


Underfull \hbox (badness 10000) in paragraph at lines 627--628

 []

[26]
Underfull \hbox (badness 10000) in paragraph at lines 629--630

 []


Underfull \hbox (badness 10000) in paragraph at lines 637--638

 []


Underfull \hbox (badness 10000) in paragraph at lines 639--640

 []


Underfull \hbox (badness 10000) in paragraph at lines 641--642

 []

[27]
Underfull \hbox (badness 10000) in paragraph at lines 655--656

 []


Underfull \hbox (badness 10000) in paragraph at lines 663--664

 []


Underfull \hbox (badness 10000) in paragraph at lines 665--666

 []


Underfull \hbox (badness 10000) in paragraph at lines 679--680

 []

[28]
Underfull \hbox (badness 10000) in paragraph at lines 681--682

 []

<"Cost Rep(1)".PNG, id=440, 135.00438pt x 164.615pt>
File: "Cost Rep(1)".PNG Graphic file (type png)
<use "Cost Rep(1)".PNG>
Package pdftex.def Info: "Cost Rep(1)".PNG  used on input line 685.
(pdftex.def)             Requested size: 94.5024pt x 115.2297pt.
<"Cost Rep(2)".PNG, id=441, 204.765pt x 163.61125pt>
File: "Cost Rep(2)".PNG Graphic file (type png)
<use "Cost Rep(2)".PNG>
Package pdftex.def Info: "Cost Rep(2)".PNG  used on input line 686.
(pdftex.def)             Requested size: 143.3345pt x 114.52708pt.
<"Cost Rep(3)".PNG, id=442, 132.495pt x 161.60374pt>
File: "Cost Rep(3)".PNG Graphic file (type png)
<use "Cost Rep(3)".PNG>
Package pdftex.def Info: "Cost Rep(3)".PNG  used on input line 687.
(pdftex.def)             Requested size: 92.74585pt x 113.12184pt.

Underfull \hbox (badness 10000) in paragraph at lines 693--694

 []

[29pdfTeX warning (ext4): destination with the same identifier (name{figure.0.5
}) has been already used, duplicate ignored

\AtBegShi@Output ...ipout \box \AtBeginShipoutBox 
                                                  \fi \fi 
l.706 \end{align*}
                   <./Cost Rep(1).PNG> <./Cost Rep(2).PNG> <./Cost Rep(3).PNG>]

Underfull \hbox (badness 10000) in paragraph at lines 708--709

 []


Underfull \hbox (badness 10000) in paragraph at lines 715--716

 []

[30]
Underfull \hbox (badness 10000) in paragraph at lines 735--738

 []


Underfull \hbox (badness 10000) in paragraph at lines 739--740

 []

<"Example of Ratio (1)".png, id=456, 332.74312pt x 165.11688pt>
File: "Example of Ratio (1)".png Graphic file (type png)
<use "Example of Ratio (1)".png>
Package pdftex.def Info: "Example of Ratio (1)".png  used on input line 745.
(pdftex.def)             Requested size: 232.91858pt x 115.58102pt.

Underfull \hbox (badness 10000) in paragraph at lines 754--756

 []

<"Example of Ratio (2)".png, id=457, 330.73563pt x 162.10562pt>
File: "Example of Ratio (2)".png Graphic file (type png)
<use "Example of Ratio (2)".png>
Package pdftex.def Info: "Example of Ratio (2)".png  used on input line 761.
(pdftex.def)             Requested size: 231.51335pt x 113.47316pt.
[31pdfTeX warning (ext4): destination with the same identifier (name{figure.0.6
}) has been already used, duplicate ignored

\AtBegShi@Output ...ipout \box \AtBeginShipoutBox 
                                                  \fi \fi 
l.766 
       <./Example of Ratio (1).png>]
Underfull \hbox (badness 10000) in paragraph at lines 778--779

 []


Underfull \hbox (badness 10000) in paragraph at lines 780--781

 []

[32pdfTeX warning (ext4): destination with the same identifier (name{figure.0.7
}) has been already used, duplicate ignored

\AtBegShi@Output ...ipout \box \AtBeginShipoutBox 
                                                  \fi \fi 
l.788 \]
         <./Example of Ratio (2).png>]
Underfull \hbox (badness 10000) in paragraph at lines 796--797

 []


Underfull \hbox (badness 10000) in paragraph at lines 801--802

 []


Underfull \hbox (badness 10000) in paragraph at lines 803--805

 []


Underfull \hbox (badness 10000) in paragraph at lines 810--811

 []


Underfull \hbox (badness 10000) in paragraph at lines 818--819

 []

[33]
Underfull \hbox (badness 10000) in paragraph at lines 824--825

 []


Underfull \hbox (badness 10000) in paragraph at lines 826--827

 []


Underfull \hbox (badness 10000) in paragraph at lines 852--853

 []

[34]
<"Sybil Attack on BarterCast".PNG, id=485, 314.67563pt x 156.08313pt>
File: "Sybil Attack on BarterCast".PNG Graphic file (type png)
<use "Sybil Attack on BarterCast".PNG>
Package pdftex.def Info: "Sybil Attack on BarterCast".PNG  used on input line 8
61.
(pdftex.def)             Requested size: 220.27142pt x 109.25743pt.

Underfull \hbox (badness 10000) in paragraph at lines 870--871

 []

[35pdfTeX warning (ext4): destination with the same identifier (name{figure.0.8
}) has been already used, duplicate ignored

\AtBegShi@Output ...ipout \box \AtBeginShipoutBox 
                                                  \fi \fi 
l.915 \begin{itemize}
                      <./Sybil Attack on BarterCast.PNG>]
Underfull \hbox (badness 10000) in paragraph at lines 920--921

 []


Underfull \hbox (badness 10000) in paragraph at lines 936--937

 []

[36]
Underfull \hbox (badness 10000) in paragraph at lines 951--952

 []


Underfull \hbox (badness 10000) in paragraph at lines 953--954

 []


Underfull \hbox (badness 10000) in paragraph at lines 961--962

 []


Underfull \hbox (badness 10000) in paragraph at lines 968--969

 []


Underfull \hbox (badness 10000) in paragraph at lines 973--974

 []

[37]
<"Path-Responsiveness (1)".png, id=510, 713.66624pt x 200.24812pt>
File: "Path-Responsiveness (1)".png Graphic file (type png)
<use "Path-Responsiveness (1)".png>
Package pdftex.def Info: "Path-Responsiveness (1)".png  used on input line 980.

(pdftex.def)             Requested size: 499.56296pt x 140.17273pt.

Overfull \hbox (44.31888pt too wide) in paragraph at lines 980--981
 [] 
 []


Underfull \hbox (badness 10000) in paragraph at lines 986--987

 []


Underfull \hbox (badness 10000) in paragraph at lines 988--989

 []

<"Path-Responsiveness (2)".png, id=512, 808.01875pt x 314.67563pt>
File: "Path-Responsiveness (2)".png Graphic file (type png)
<use "Path-Responsiveness (2)".png>
Package pdftex.def Info: "Path-Responsiveness (2)".png  used on input line 992.

(pdftex.def)             Requested size: 404.00839pt x 157.33742pt.
[38pdfTeX warning (ext4): destination with the same identifier (name{figure.0.9
}) has been already used, duplicate ignored

\AtBegShi@Output ...ipout \box \AtBeginShipoutBox 
                                                  \fi \fi 
l.997 
       <./Path-Responsiveness (1).png>]
Underfull \hbox (badness 10000) in paragraph at lines 1030--1031

 []

[39pdfTeX warning (ext4): destination with the same identifier (name{figure.0.1
0}) has been already used, duplicate ignored

\AtBegShi@Output ...ipout \box \AtBeginShipoutBox 
                                                  \fi \fi 
l.1036 \end{definition}
                        <./Path-Responsiveness (2).png>]
Underfull \hbox (badness 10000) in paragraph at lines 1048--1049

 []


Overfull \hbox (3.71939pt too wide) in paragraph at lines 1052--1054
\OT1/cmr/m/it/10.95 Every ac-count-ing mech-a-nism that sat-is-fies in-de-pen-d
ence of dis-con-nected agents, sym-me-try, single-
 []


Underfull \hbox (badness 10000) in paragraph at lines 1056--1057

 []

[40]
Underfull \hbox (badness 10000) in paragraph at lines 1073--1075

 []


Underfull \hbox (badness 10000) in paragraph at lines 1076--1077

 []


Underfull \hbox (badness 10000) in paragraph at lines 1078--1079

 []


Underfull \hbox (badness 10000) in paragraph at lines 1080--1081

 []


Underfull \hbox (badness 10000) in paragraph at lines 1082--1083

 []

<"Single-Report Responsiveness of PR".png, id=542, 615.29875pt x 89.33376pt>
File: "Single-Report Responsiveness of PR".png Graphic file (type png)
<use "Single-Report Responsiveness of PR".png>
Package pdftex.def Info: "Single-Report Responsiveness of PR".png  used on inpu
t line 1086.
(pdftex.def)             Requested size: 430.70618pt x 62.53319pt.
[41]
Underfull \hbox (badness 10000) in paragraph at lines 1092--1093

 []


Underfull \hbox (badness 10000) in paragraph at lines 1094--1095

 []


Underfull \hbox (badness 10000) in paragraph at lines 1096--1097

 []


Underfull \hbox (badness 10000) in paragraph at lines 1098--1099

 []

[42pdfTeX warning (ext4): destination with the same identifier (name{figure.0.1
1}) has been already used, duplicate ignored

\AtBegShi@Output ...ipout \box \AtBeginShipoutBox 
                                                  \fi \fi 
l.1112 \end{theorem}
                     <./Single-Report Responsiveness of PR.png>]
Underfull \hbox (badness 10000) in paragraph at lines 1124--1125

 []

[43]
Underfull \hbox (badness 10000) in paragraph at lines 1147--1148

 []


Underfull \hbox (badness 10000) in paragraph at lines 1153--1154

 []

[44]
Underfull \hbox (badness 10000) in paragraph at lines 1159--1160

 []


Underfull \hbox (badness 10000) in paragraph at lines 1161--1162

 []


Underfull \hbox (badness 10000) in paragraph at lines 1163--1164

 []


Underfull \hbox (badness 10000) in paragraph at lines 1172--1173

 []

[45]
Underfull \hbox (badness 10000) in paragraph at lines 1186--1187

 []


Underfull \hbox (badness 10000) in paragraph at lines 1194--1195

 []

[46]
<"Parallel Sybil Attack".png, id=587, 373.395pt x 225.34187pt>
File: "Parallel Sybil Attack".png Graphic file (type png)
<use "Parallel Sybil Attack".png>
Package pdftex.def Info: "Parallel Sybil Attack".png  used on input line 1236.
(pdftex.def)             Requested size: 261.37471pt x 157.73822pt.
 [47]
Underfull \hbox (badness 10000) in paragraph at lines 1242--1243

 []

<"Serial Sybil Attack".png, id=593, 477.28313pt x 100.375pt>
File: "Serial Sybil Attack".png Graphic file (type png)
<use "Serial Sybil Attack".png>
Package pdftex.def Info: "Serial Sybil Attack".png  used on input line 1253.
(pdftex.def)             Requested size: 334.0959pt x 70.26201pt.

Underfull \hbox (badness 10000) in paragraph at lines 1259--1260

 []

[48pdfTeX warning (ext4): destination with the same identifier (name{figure.0.1
2}) has been already used, duplicate ignored

\AtBegShi@Output ...ipout \box \AtBeginShipoutBox 
                                                  \fi \fi 
l.1261 \noindent
                {}Now, we claim that any sybil attack in which it is the att...
pdfTeX warning (ext4): destination with the same identifier (name{figure.0.13})
 has been already used, duplicate ignored

\AtBegShi@Output ...ipout \box \AtBeginShipoutBox 
                                                  \fi \fi 
l.1261 \noindent
                {}Now, we claim that any sybil attack in which it is the att...
 <./Parallel Sybil Attack.png> <./Serial Sybil Attack.png>]
Underfull \hbox (badness 10000) in paragraph at lines 1267--1268

 []


Underfull \hbox (badness 10000) in paragraph at lines 1273--1274

 []

[49]
Underfull \hbox (badness 10000) in paragraph at lines 1346--1348

 []

[50]
Underfull \hbox (badness 10000) in paragraph at lines 1354--1355

 []


Underfull \hbox (badness 10000) in paragraph at lines 1365--1366

 []


Underfull \hbox (badness 10000) in paragraph at lines 1412--1413

 []

[51]
Underfull \hbox (badness 10000) in paragraph at lines 1425--1426

 []

<"One-layer trust model".png, id=627, 404.00937pt x 90.83937pt>
File: "One-layer trust model".png Graphic file (type png)
<use "One-layer trust model".png>
Package pdftex.def Info: "One-layer trust model".png  used on input line 1433.
(pdftex.def)             Requested size: 363.60507pt x 81.75467pt.

Underfull \hbox (badness 10000) in paragraph at lines 1439--1440

 []

<"Two-layer trust model".png, id=628, 670.505pt x 93.34875pt>
File: "Two-layer trust model".png Graphic file (type png)
<use "Two-layer trust model".png>
Package pdftex.def Info: "Two-layer trust model".png  used on input line 1442.
(pdftex.def)             Requested size: 469.35031pt x 65.34366pt.

Overfull \hbox (14.10623pt too wide) in paragraph at lines 1442--1443
[][]
 []


Underfull \hbox (badness 10000) in paragraph at lines 1446--1447

 []

[52pdfTeX warning (ext4): destination with the same identifier (name{figure.0.1
4}) has been already used, duplicate ignored

\AtBegShi@Output ...ipout \box \AtBeginShipoutBox 
                                                  \fi \fi 
l.1447 \newpage
               pdfTeX warning (ext4): destination with the same identifier (nam
e{figure.0.15}) has been already used, duplicate ignored

\AtBegShi@Output ...ipout \box \AtBeginShipoutBox 
                                                  \fi \fi 
l.1447 \newpage
                <./One-layer trust model.png> <./Two-layer trust model.png>]
[53]
Overfull \hbox (42.87944pt too wide) detected at line 1456
\OMS/cmsy/m/n/10.95 8[]\OML/cmm/m/it/10.95 i \OMS/cmsy/m/n/10.95 2 []\OML/cmm/m
/it/10.95 V[];  \OMS/cmsy/m/n/10.95 9[]\OML/cmm/m/it/10.95 j \OMS/cmsy/m/n/10.9
5 2 []\OML/cmm/m/it/10.95 V[]; \OT1/cmr/m/n/10.95 (\OML/cmm/m/it/10.95 i; j\OT1
/cmr/m/n/10.95 ) \OMS/cmsy/m/n/10.95 2 []\OML/cmm/m/it/10.95 E[]  \OT1/cmr/m/n/
10.95 :  \OMS/cmsy/m/n/10.95 8[]\OML/cmm/m/it/10.95 j \OMS/cmsy/m/n/10.95 2 []\
OML/cmm/m/it/10.95 N[]\OT1/cmr/m/n/10.95 (\OML/cmm/m/it/10.95 i\OT1/cmr/m/n/10.
95 ) \OMS/cmsy/m/n/10.95 [ []f[]\OML/cmm/m/it/10.95 i\OMS/cmsy/m/n/10.95 g\OML/
cmm/m/it/10.95 ;  j \OMS/cmsy/m/n/10.95 62 []\OML/cmm/m/it/10.95 V[]; \OMS/cmsy
/m/n/10.95 8[]\OML/cmm/m/it/10.95 j; k \OMS/cmsy/m/n/10.95 2 []\OML/cmm/m/it/10
.95 N[]\OT1/cmr/m/n/10.95 (\OML/cmm/m/it/10.95 i\OT1/cmr/m/n/10.95 )\OML/cmm/m/
it/10.95 ; \OT1/cmr/m/n/10.95 (\OML/cmm/m/it/10.95 j; k\OT1/cmr/m/n/10.95 ) \OM
S/cmsy/m/n/10.95 2 []\OML/cmm/m/it/10.95 E[]  \OT1/cmr/m/n/10.95 :  (\OML/cmm/m
/it/10.95 j; k\OT1/cmr/m/n/10.95 ) \OMS/cmsy/m/n/10.95 62 []\OML/cmm/m/it/10.95
 E[];  [] \OMS/cmsy/m/n/10.95 2 []\OML/cmm/m/it/10.95 V[]
 []


Underfull \hbox (badness 10000) in paragraph at lines 1456--1458

 []


Overfull \hbox (0.86029pt too wide) in paragraph at lines 1460--1460
[]\OT1/cmr/bx/n/14.4 A math-e-mat-i-cal Frame-work for Trust and Rep-u-ta-tion 
Mech-
 []


Underfull \hbox (badness 10000) in paragraph at lines 1484--1485

 []

[54]
Underfull \hbox (badness 10000) in paragraph at lines 1490--1491

 []

[55]
Overfull \hbox (15.11789pt too wide) in paragraph at lines 1529--1530
\OT1/cmr/m/n/10.95 lo-ca-tion pol-icy $\OML/cmm/m/it/10.95 A$ \OT1/cmr/m/n/10.9
5 for an agent $\OML/cmm/m/it/10.95 i$ \OT1/cmr/m/n/10.95 takes an ac-count-ing
 mech-a-nism $\OML/cmm/m/it/10.95 S[]$ \OT1/cmr/m/n/10.95 with scores $[]$
 []


Underfull \hbox (badness 10000) in paragraph at lines 1545--1546

 []

[56]
Underfull \hbox (badness 10000) in paragraph at lines 1552--1553

 []


Underfull \hbox (badness 10000) in paragraph at lines 1566--1567

 []

[57] [58]
Underfull \hbox (badness 10000) in paragraph at lines 1612--1615

 []

<"Behavioural Strategies".png, id=692, 306.14375pt x 117.43875pt>
File: "Behavioural Strategies".png Graphic file (type png)
<use "Behavioural Strategies".png>
Package pdftex.def Info: "Behavioural Strategies".png  used on input line 1621.

(pdftex.def)             Requested size: 183.68765pt x 70.46378pt.
<"Reputation Dynamics".png, id=693, 644.90938pt x 95.85812pt>
File: "Reputation Dynamics".png Graphic file (type png)
<use "Reputation Dynamics".png>
Package pdftex.def Info: "Reputation Dynamics".png  used on input line 1630.
(pdftex.def)             Requested size: 386.94861pt x 57.5153pt.
[59pdfTeX warning (ext4): destination with the same identifier (name{figure.0.1
6}) has been already used, duplicate ignored

\AtBegShi@Output ...ipout \box \AtBeginShipoutBox 
                                                  \fi \fi 
l.1637 \[
         pdfTeX warning (ext4): destination with the same identifier (name{figu
re.0.17}) has been already used, duplicate ignored

\AtBegShi@Output ...ipout \box \AtBeginShipoutBox 
                                                  \fi \fi 
l.1637 \[
          <./Behavioural Strategies.png> <./Reputation Dynamics.png>]
Underfull \hbox (badness 10000) in paragraph at lines 1649--1651

 []


LaTeX Warning: Reference `subsec:Utility of Trust/Reputation, etc' on page 60 u
ndefined on input line 1652.


Underfull \hbox (badness 10000) in paragraph at lines 1656--1657

 []

[60]
<"ESS Pairs".png, id=714, 633.86812pt x 204.26312pt>
File: "ESS Pairs".png Graphic file (type png)
<use "ESS Pairs".png>
Package pdftex.def Info: "ESS Pairs".png  used on input line 1672.
(pdftex.def)             Requested size: 380.3238pt x 122.5588pt.
 [61pdfTeX warning (ext4): destination with the same identifier (name{figure.0.
18}) has been already used, duplicate ignored

\AtBegShi@Output ...ipout \box \AtBeginShipoutBox 
                                                  \fi \fi 
l.1700 \item[DropEdge:]
                        Misreport-proof version of BarterCast. In the subjec...
 <./ESS Pairs.png>] [62]
Underfull \hbox (badness 10000) in paragraph at lines 1720--1721

 []


Underfull \hbox (badness 10000) in paragraph at lines 1722--1723

 []


Underfull \hbox (badness 10000) in paragraph at lines 1734--1735

 []

<"Reputation Transfer Function".png, id=731, 401.5pt x 401.5pt>
File: "Reputation Transfer Function".png Graphic file (type png)
<use "Reputation Transfer Function".png>
Package pdftex.def Info: "Reputation Transfer Function".png  used on input line
 1738.
(pdftex.def)             Requested size: 200.7495pt x 200.7495pt.

Underfull \hbox (badness 10000) in paragraph at lines 1746--1748

 []


Underfull \hbox (badness 10000) in paragraph at lines 1749--1750

 []


Underfull \hbox (badness 10000) in paragraph at lines 1751--1752

 []

[63]
Underfull \hbox (badness 10000) in paragraph at lines 1753--1754

 []


Underfull \hbox (badness 10000) in paragraph at lines 1755--1756

 []


Underfull \hbox (badness 10000) in paragraph at lines 1757--1758

 []

[64pdfTeX warning (ext4): destination with the same identifier (name{figure.0.1
9}) has been already used, duplicate ignored

\AtBegShi@Output ...ipout \box \AtBeginShipoutBox 
                                                  \fi \fi 
l.1759 \noindent
                {}Nodes that have been determined to be clsoe to one another...
 <./Reputation Transfer Function.png (PNG copy)>]
Underfull \hbox (badness 10000) in paragraph at lines 1759--1760

 []


Underfull \hbox (badness 10000) in paragraph at lines 1761--1762

 []


Underfull \hbox (badness 10000) in paragraph at lines 1763--1764

 []


Underfull \hbox (badness 10000) in paragraph at lines 1765--1766

 []


Underfull \hbox (badness 10000) in paragraph at lines 1774--1787

 []

[65]
Underfull \hbox (badness 10000) in paragraph at lines 1809--1810

 []


Underfull \hbox (badness 10000) in paragraph at lines 1816--1817

 []


Underfull \hbox (badness 10000) in paragraph at lines 1837--1838

 []

[66]
Underfull \hbox (badness 10000) in paragraph at lines 1839--1840

 []


Underfull \hbox (badness 10000) in paragraph at lines 1841--1842

 []


Underfull \hbox (badness 10000) in paragraph at lines 1845--1846

 []

[67] [68

]
Package atveryend Info: Empty hook `BeforeClearDocument' on input line 1908.
 [69]
Package atveryend Info: Empty hook `AfterLastShipout' on input line 1908.
 ("Final Thesis.aux")
Package atveryend Info: Executing hook `AtVeryEndDocument' on input line 1908.
Package atveryend Info: Executing hook `AtEndAfterFileList' on input line 1908.

Package rerunfilecheck Info: File `"Final Thesis".out' has not changed.
(rerunfilecheck)             Checksum: B7C043F20E4D137625744A809AAB2C3F;2856.


LaTeX Font Warning: Size substitutions with differences
(Font)              up to 117.38377pt have occurred.


LaTeX Font Warning: Some font shapes were not available, defaults substituted.


LaTeX Warning: There were undefined references.

Package atveryend Info: Empty hook `AtVeryVeryEnd' on input line 1908.
 ) 
Here is how much of TeX's memory you used:
 7774 strings out of 492946
 120249 string characters out of 3126266
 224149 words of memory out of 3000000
 11274 multiletter control sequences out of 15000+200000
 11777 words of font info for 45 fonts, out of 3000000 for 9000
 1141 hyphenation exceptions out of 8191
 32i,11n,32p,2120b,459s stack positions out of 5000i,500n,10000p,200000b,50000s
<C:/Users/alexa/AppData/Local/Programs/MiKTeX 2.9/fonts/type1/public/amsfonts
/cm/cmbx10.pfb><C:/Users/alexa/AppData/Local/Programs/MiKTeX 2.9/fonts/type1/pu
blic/amsfonts/cm/cmbx12.pfb><C:/Users/alexa/AppData/Local/Programs/MiKTeX 2.9/f
onts/type1/public/amsfonts/cm/cmex10.pfb><C:/Users/alexa/AppData/Local/Programs
/MiKTeX 2.9/fonts/type1/public/amsfonts/cmextra/cmex8.pfb><C:/Users/alexa/AppDa
ta/Local/Programs/MiKTeX 2.9/fonts/type1/public/amsfonts/cm/cmmi10.pfb><C:/User
s/alexa/AppData/Local/Programs/MiKTeX 2.9/fonts/type1/public/amsfonts/cm/cmmi6.
pfb><C:/Users/alexa/AppData/Local/Programs/MiKTeX 2.9/fonts/type1/public/amsfon
ts/cm/cmmi8.pfb><C:/Users/alexa/AppData/Local/Programs/MiKTeX 2.9/fonts/type1/p
ublic/amsfonts/cm/cmr10.pfb><C:/Users/alexa/AppData/Local/Programs/MiKTeX 2.9/f
onts/type1/public/amsfonts/cm/cmr17.pfb><C:/Users/alexa/AppData/Local/Programs/
MiKTeX 2.9/fonts/type1/public/amsfonts/cm/cmr6.pfb><C:/Users/alexa/AppData/Loca
l/Programs/MiKTeX 2.9/fonts/type1/public/amsfonts/cm/cmr8.pfb><C:/Users/alexa/A
ppData/Local/Programs/MiKTeX 2.9/fonts/type1/public/amsfonts/cm/cmsy10.pfb><C:/
Users/alexa/AppData/Local/Programs/MiKTeX 2.9/fonts/type1/public/amsfonts/cm/cm
sy6.pfb><C:/Users/alexa/AppData/Local/Programs/MiKTeX 2.9/fonts/type1/public/am
sfonts/cm/cmsy8.pfb><C:/Users/alexa/AppData/Local/Programs/MiKTeX 2.9/fonts/typ
e1/public/amsfonts/cm/cmti10.pfb><C:/Users/alexa/AppData/Local/Programs/MiKTeX 
2.9/fonts/type1/public/amsfonts/cm/cmti8.pfb><C:/Users/alexa/AppData/Local/Prog
rams/MiKTeX 2.9/fonts/type1/public/amsfonts/symbols/msbm10.pfb><C:/Users/alexa/
AppData/Local/Programs/MiKTeX 2.9/fonts/type1/public/amsfonts/symbols/msbm7.pfb
>
Output written on "Final Thesis.pdf" (72 pages, 1723436 bytes).
PDF statistics:
 884 PDF objects out of 1000 (max. 8388607)
 237 named destinations out of 1000 (max. 500000)
 517 words of extra memory for PDF output out of 10000 (max. 10000000)

